<?xml version="1.0" encoding="UTF-8"?>
<coverage generated="1622620956396" clover="3.2.0">
  <project timestamp="1622620956396" name="All files">
    <metrics statements="58" coveredstatements="50" conditionals="15" coveredconditionals="11" methods="26" coveredmethods="17" elements="99" coveredelements="78" complexity="0" loc="58" ncloc="58" packages="5" files="12" classes="12"/>
    <package name="actions">
      <metrics statements="7" coveredstatements="7" conditionals="1" coveredconditionals="0" methods="3" coveredmethods="3"/>
      <file name="actions.tsx" path="/Users/jacobdavidgrisham/Workspace/Courses/Udemy Senior Engineer/Github/robofriends/src/actions/actions.tsx">
        <metrics statements="7" coveredstatements="7" conditionals="1" coveredconditionals="0" methods="3" coveredmethods="3"/>
        <line num="10" count="2" type="stmt"/>
        <line num="16" count="2" type="cond" truecount="0" falsecount="1"/>
        <line num="17" count="2" type="stmt"/>
        <line num="18" count="2" type="stmt"/>
        <line num="19" count="2" type="stmt"/>
        <line num="20" count="1" type="stmt"/>
        <line num="22" count="1" type="stmt"/>
      </file>
    </package>
    <package name="api">
      <metrics statements="2" coveredstatements="2" conditionals="0" coveredconditionals="0" methods="2" coveredmethods="2"/>
      <file name="api.tsx" path="/Users/jacobdavidgrisham/Workspace/Courses/Udemy Senior Engineer/Github/robofriends/src/api/api.tsx">
        <metrics statements="2" coveredstatements="2" conditionals="0" coveredconditionals="0" methods="2" coveredmethods="2"/>
        <line num="1" count="2" type="stmt"/>
        <line num="2" count="2" type="stmt"/>
      </file>
    </package>
    <package name="components">
      <metrics statements="33" coveredstatements="25" conditionals="4" coveredconditionals="3" methods="19" coveredmethods="10"/>
      <file name="App.tsx" path="/Users/jacobdavidgrisham/Workspace/Courses/Udemy Senior Engineer/Github/robofriends/src/components/App.tsx">
        <metrics statements="7" coveredstatements="2" conditionals="0" coveredconditionals="0" methods="5" coveredmethods="0"/>
        <line num="33" count="1" type="stmt"/>
        <line num="36" count="0" type="stmt"/>
        <line num="43" count="1" type="stmt"/>
        <line num="44" count="0" type="stmt"/>
        <line num="45" count="0" type="stmt"/>
        <line num="46" count="0" type="stmt"/>
        <line num="52" count="0" type="stmt"/>
      </file>
      <file name="Card.tsx" path="/Users/jacobdavidgrisham/Workspace/Courses/Udemy Senior Engineer/Github/robofriends/src/components/Card.tsx">
        <metrics statements="9" coveredstatements="8" conditionals="2" coveredconditionals="2" methods="5" coveredmethods="3"/>
        <line num="12" count="4" type="stmt"/>
        <line num="15" count="6" type="stmt"/>
        <line num="18" count="6" type="stmt"/>
        <line num="19" count="3" type="stmt"/>
        <line num="23" count="6" type="stmt"/>
        <line num="28" count="6" type="stmt"/>
        <line num="30" count="6" type="stmt"/>
        <line num="31" count="0" type="stmt"/>
        <line num="34" count="6" type="stmt"/>
      </file>
      <file name="CardList.tsx" path="/Users/jacobdavidgrisham/Workspace/Courses/Udemy Senior Engineer/Github/robofriends/src/components/CardList.tsx">
        <metrics statements="3" coveredstatements="3" conditionals="0" coveredconditionals="0" methods="2" coveredmethods="2"/>
        <line num="12" count="3" type="stmt"/>
        <line num="19" count="1" type="stmt"/>
        <line num="25" count="1" type="stmt"/>
      </file>
      <file name="Details.tsx" path="/Users/jacobdavidgrisham/Workspace/Courses/Udemy Senior Engineer/Github/robofriends/src/components/Details.tsx">
        <metrics statements="2" coveredstatements="2" conditionals="0" coveredconditionals="0" methods="1" coveredmethods="1"/>
        <line num="3" count="1" type="stmt"/>
        <line num="5" count="1" type="stmt"/>
      </file>
      <file name="Header.tsx" path="/Users/jacobdavidgrisham/Workspace/Courses/Udemy Senior Engineer/Github/robofriends/src/components/Header.tsx">
        <metrics statements="2" coveredstatements="2" conditionals="0" coveredconditionals="0" methods="1" coveredmethods="1"/>
        <line num="8" count="3" type="stmt"/>
        <line num="19" count="1" type="stmt"/>
      </file>
      <file name="Main.tsx" path="/Users/jacobdavidgrisham/Workspace/Courses/Udemy Senior Engineer/Github/robofriends/src/components/Main.tsx">
        <metrics statements="7" coveredstatements="5" conditionals="2" coveredconditionals="1" methods="3" coveredmethods="1"/>
        <line num="29" count="2" type="stmt"/>
        <line num="37" count="1" type="stmt"/>
        <line num="39" count="1" type="stmt"/>
        <line num="40" count="0" type="stmt"/>
        <line num="45" count="1" type="stmt"/>
        <line num="46" count="0" type="stmt"/>
        <line num="49" count="1" type="cond" truecount="1" falsecount="1"/>
      </file>
      <file name="Scroll.tsx" path="/Users/jacobdavidgrisham/Workspace/Courses/Udemy Senior Engineer/Github/robofriends/src/components/Scroll.tsx">
        <metrics statements="1" coveredstatements="1" conditionals="0" coveredconditionals="0" methods="1" coveredmethods="1"/>
        <line num="8" count="1" type="stmt"/>
      </file>
      <file name="SearchBox.tsx" path="/Users/jacobdavidgrisham/Workspace/Courses/Udemy Senior Engineer/Github/robofriends/src/components/SearchBox.tsx">
        <metrics statements="2" coveredstatements="2" conditionals="0" coveredconditionals="0" methods="1" coveredmethods="1"/>
        <line num="7" count="3" type="stmt"/>
        <line num="8" count="1" type="stmt"/>
      </file>
    </package>
    <package name="constants">
      <metrics statements="4" coveredstatements="4" conditionals="0" coveredconditionals="0" methods="0" coveredmethods="0"/>
      <file name="constants.js" path="/Users/jacobdavidgrisham/Workspace/Courses/Udemy Senior Engineer/Github/robofriends/src/constants/constants.js">
        <metrics statements="4" coveredstatements="4" conditionals="0" coveredconditionals="0" methods="0" coveredmethods="0"/>
        <line num="1" count="3" type="stmt"/>
        <line num="3" count="3" type="stmt"/>
        <line num="4" count="3" type="stmt"/>
        <line num="5" count="3" type="stmt"/>
      </file>
    </package>
    <package name="reducers">
      <metrics statements="12" coveredstatements="12" conditionals="10" coveredconditionals="8" methods="2" coveredmethods="2"/>
      <file name="reducers.tsx" path="/Users/jacobdavidgrisham/Workspace/Courses/Udemy Senior Engineer/Github/robofriends/src/reducers/reducers.tsx">
        <metrics statements="12" coveredstatements="12" conditionals="10" coveredconditionals="8" methods="2" coveredmethods="2"/>
        <line num="8" count="1" type="stmt"/>
        <line num="17" count="1" type="cond" truecount="1" falsecount="1"/>
        <line num="18" count="2" type="cond" truecount="2" falsecount="0"/>
        <line num="20" count="1" type="stmt"/>
        <line num="23" count="1" type="stmt"/>
        <line num="27" count="1" type="stmt"/>
        <line num="33" count="1" type="cond" truecount="1" falsecount="1"/>
        <line num="34" count="4" type="cond" truecount="4" falsecount="0"/>
        <line num="36" count="1" type="stmt"/>
        <line num="38" count="1" type="stmt"/>
        <line num="40" count="1" type="stmt"/>
        <line num="42" count="1" type="stmt"/>
      </file>
    </package>
  </project>
</coverage>
