{"/Users/jacobdavidgrisham/Workspace/Courses/Udemy Senior Engineer/Github/robofriends/src/actions/actions.tsx": {"path":"/Users/jacobdavidgrisham/Workspace/Courses/Udemy Senior Engineer/Github/robofriends/src/actions/actions.tsx","statementMap":{"0":{"start":{"line":10,"column":30},"end":{"line":13,"column":2}},"1":{"start":{"line":10,"column":49},"end":{"line":13,"column":1}},"2":{"start":{"line":16,"column":28},"end":{"line":24,"column":1}},"3":{"start":{"line":16,"column":87},"end":{"line":24,"column":1}},"4":{"start":{"line":17,"column":2},"end":{"line":23,"column":3}},"5":{"start":{"line":18,"column":4},"end":{"line":18,"column":45}},"6":{"start":{"line":19,"column":17},"end":{"line":19,"column":38}},"7":{"start":{"line":20,"column":4},"end":{"line":20,"column":60}},"8":{"start":{"line":22,"column":4},"end":{"line":22,"column":60}}},"fnMap":{"0":{"name":"(anonymous_0)","decl":{"start":{"line":10,"column":30},"end":{"line":10,"column":31}},"loc":{"start":{"line":10,"column":49},"end":{"line":13,"column":1}},"line":10},"1":{"name":"(anonymous_1)","decl":{"start":{"line":16,"column":28},"end":{"line":16,"column":29}},"loc":{"start":{"line":16,"column":87},"end":{"line":24,"column":1}},"line":16},"2":{"name":"(anonymous_2)","decl":{"start":{"line":16,"column":87},"end":{"line":16,"column":88}},"loc":{"start":{"line":16,"column":117},"end":{"line":24,"column":1}},"line":16}},"branchMap":{"0":{"loc":{"start":{"line":16,"column":29},"end":{"line":16,"column":82}},"type":"default-arg","locations":[{"start":{"line":16,"column":38},"end":{"line":16,"column":82}}],"line":16}},"s":{"0":1,"1":1,"2":1,"3":2,"4":2,"5":2,"6":2,"7":1,"8":1},"f":{"0":1,"1":2,"2":2},"b":{"0":[0]},"_coverageSchema":"1a1c01bbd47fc00a2c39e90264f33305004495a9","hash":"9db620df0e01c322cc1d7c4568ffd4cc867ae5d6"}
,"/Users/jacobdavidgrisham/Workspace/Courses/Udemy Senior Engineer/Github/robofriends/src/api/api.tsx": {"path":"/Users/jacobdavidgrisham/Workspace/Courses/Udemy Senior Engineer/Github/robofriends/src/api/api.tsx","statementMap":{"0":{"start":{"line":1,"column":23},"end":{"line":2,"column":46}},"1":{"start":{"line":2,"column":2},"end":{"line":2,"column":46}},"2":{"start":{"line":2,"column":30},"end":{"line":2,"column":45}}},"fnMap":{"0":{"name":"(anonymous_0)","decl":{"start":{"line":1,"column":23},"end":{"line":1,"column":24}},"loc":{"start":{"line":2,"column":2},"end":{"line":2,"column":46}},"line":2},"1":{"name":"(anonymous_1)","decl":{"start":{"line":2,"column":18},"end":{"line":2,"column":19}},"loc":{"start":{"line":2,"column":30},"end":{"line":2,"column":45}},"line":2}},"branchMap":{},"s":{"0":1,"1":2,"2":1},"f":{"0":2,"1":1},"b":{},"_coverageSchema":"1a1c01bbd47fc00a2c39e90264f33305004495a9","hash":"8c5e10fa059d3c6408f27c8ec135bf9d653c0a1d"}
,"/Users/jacobdavidgrisham/Workspace/Courses/Udemy Senior Engineer/Github/robofriends/src/components/App.tsx": {"path":"/Users/jacobdavidgrisham/Workspace/Courses/Udemy Senior Engineer/Github/robofriends/src/components/App.tsx","statementMap":{"0":{"start":{"line":33,"column":24},"end":{"line":42,"column":1}},"1":{"start":{"line":36,"column":2},"end":{"line":41,"column":3}},"2":{"start":{"line":43,"column":27},"end":{"line":48,"column":1}},"3":{"start":{"line":44,"column":2},"end":{"line":47,"column":3}},"4":{"start":{"line":45,"column":71},"end":{"line":45,"column":137}},"5":{"start":{"line":46,"column":28},"end":{"line":46,"column":52}},"6":{"start":{"line":52,"column":2},"end":{"line":54,"column":4}}},"fnMap":{"0":{"name":"(anonymous_0)","decl":{"start":{"line":33,"column":24},"end":{"line":33,"column":25}},"loc":{"start":{"line":33,"column":46},"end":{"line":42,"column":1}},"line":33},"1":{"name":"(anonymous_1)","decl":{"start":{"line":43,"column":27},"end":{"line":43,"column":28}},"loc":{"start":{"line":43,"column":84},"end":{"line":48,"column":1}},"line":43},"2":{"name":"(anonymous_2)","decl":{"start":{"line":45,"column":20},"end":{"line":45,"column":21}},"loc":{"start":{"line":45,"column":71},"end":{"line":45,"column":137}},"line":45},"3":{"name":"(anonymous_3)","decl":{"start":{"line":46,"column":22},"end":{"line":46,"column":23}},"loc":{"start":{"line":46,"column":28},"end":{"line":46,"column":52}},"line":46},"4":{"name":"App","decl":{"start":{"line":50,"column":9},"end":{"line":50,"column":12}},"loc":{"start":{"line":50,"column":31},"end":{"line":55,"column":1}},"line":50}},"branchMap":{},"s":{"0":0,"1":0,"2":0,"3":0,"4":0,"5":0,"6":0},"f":{"0":0,"1":0,"2":0,"3":0,"4":0},"b":{}}
,"/Users/jacobdavidgrisham/Workspace/Courses/Udemy Senior Engineer/Github/robofriends/src/components/Card.tsx": {"path":"/Users/jacobdavidgrisham/Workspace/Courses/Udemy Senior Engineer/Github/robofriends/src/components/Card.tsx","statementMap":{"0":{"start":{"line":12,"column":46},"end":{"line":54,"column":1}},"1":{"start":{"line":15,"column":34},"end":{"line":15,"column":49}},"2":{"start":{"line":18,"column":26},"end":{"line":20,"column":3}},"3":{"start":{"line":19,"column":4},"end":{"line":19,"column":21}},"4":{"start":{"line":23,"column":2},"end":{"line":26,"column":16}},"5":{"start":{"line":28,"column":22},"end":{"line":28,"column":59}},"6":{"start":{"line":28,"column":39},"end":{"line":28,"column":58}},"7":{"start":{"line":30,"column":25},"end":{"line":32,"column":3}},"8":{"start":{"line":31,"column":4},"end":{"line":31,"column":27}},"9":{"start":{"line":34,"column":2},"end":{"line":53,"column":3}}},"fnMap":{"0":{"name":"(anonymous_0)","decl":{"start":{"line":12,"column":46},"end":{"line":12,"column":47}},"loc":{"start":{"line":12,"column":71},"end":{"line":54,"column":1}},"line":12},"1":{"name":"(anonymous_1)","decl":{"start":{"line":18,"column":26},"end":{"line":18,"column":27}},"loc":{"start":{"line":18,"column":32},"end":{"line":20,"column":3}},"line":18},"2":{"name":"(anonymous_2)","decl":{"start":{"line":23,"column":12},"end":{"line":23,"column":13}},"loc":{"start":{"line":23,"column":18},"end":{"line":26,"column":3}},"line":23},"3":{"name":"(anonymous_3)","decl":{"start":{"line":28,"column":33},"end":{"line":28,"column":34}},"loc":{"start":{"line":28,"column":39},"end":{"line":28,"column":58}},"line":28},"4":{"name":"(anonymous_4)","decl":{"start":{"line":30,"column":25},"end":{"line":30,"column":26}},"loc":{"start":{"line":30,"column":31},"end":{"line":32,"column":3}},"line":30}},"branchMap":{"0":{"loc":{"start":{"line":37,"column":10},"end":{"line":37,"column":154}},"type":"cond-expr","locations":[{"start":{"line":37,"column":21},"end":{"line":37,"column":96}},{"start":{"line":37,"column":99},"end":{"line":37,"column":154}}],"line":37}},"s":{"0":3,"1":6,"2":6,"3":3,"4":6,"5":6,"6":0,"7":6,"8":0,"9":6},"f":{"0":6,"1":3,"2":4,"3":0,"4":0},"b":{"0":[3,3]},"_coverageSchema":"1a1c01bbd47fc00a2c39e90264f33305004495a9","hash":"ad0b963951c128b6326587d95b02d71777b62a7a"}
,"/Users/jacobdavidgrisham/Workspace/Courses/Udemy Senior Engineer/Github/robofriends/src/components/CardList.tsx": {"path":"/Users/jacobdavidgrisham/Workspace/Courses/Udemy Senior Engineer/Github/robofriends/src/components/CardList.tsx","statementMap":{"0":{"start":{"line":12,"column":27},"end":{"line":15,"column":1}},"1":{"start":{"line":19,"column":2},"end":{"line":39,"column":4}},"2":{"start":{"line":25,"column":10},"end":{"line":35,"column":12}}},"fnMap":{"0":{"name":"CardList","decl":{"start":{"line":17,"column":9},"end":{"line":17,"column":17}},"loc":{"start":{"line":17,"column":57},"end":{"line":40,"column":1}},"line":17},"1":{"name":"(anonymous_1)","decl":{"start":{"line":24,"column":19},"end":{"line":24,"column":20}},"loc":{"start":{"line":24,"column":32},"end":{"line":36,"column":9}},"line":24}},"branchMap":{},"s":{"0":2,"1":1,"2":1},"f":{"0":1,"1":1},"b":{},"_coverageSchema":"1a1c01bbd47fc00a2c39e90264f33305004495a9","hash":"a4d61b398f9f570bbd16b0b8299e5f3d63ab7745"}
,"/Users/jacobdavidgrisham/Workspace/Courses/Udemy Senior Engineer/Github/robofriends/src/components/Details.tsx": {"path":"/Users/jacobdavidgrisham/Workspace/Courses/Udemy Senior Engineer/Github/robofriends/src/components/Details.tsx","statementMap":{"0":{"start":{"line":3,"column":26},"end":{"line":6,"column":1}},"1":{"start":{"line":5,"column":2},"end":{"line":5,"column":480}}},"fnMap":{"0":{"name":"(anonymous_0)","decl":{"start":{"line":3,"column":26},"end":{"line":3,"column":27}},"loc":{"start":{"line":3,"column":32},"end":{"line":6,"column":1}},"line":3}},"branchMap":{},"s":{"0":1,"1":1},"f":{"0":1},"b":{},"_coverageSchema":"1a1c01bbd47fc00a2c39e90264f33305004495a9","hash":"c1c285ebaf6a89fa4f4a3043bdd966afbb3406a4"}
,"/Users/jacobdavidgrisham/Workspace/Courses/Udemy Senior Engineer/Github/robofriends/src/components/ErrorBoundary.tsx": {"path":"/Users/jacobdavidgrisham/Workspace/Courses/Udemy Senior Engineer/Github/robofriends/src/components/ErrorBoundary.tsx","statementMap":{"0":{"start":{"line":21,"column":4},"end":{"line":21,"column":17}},"1":{"start":{"line":22,"column":4},"end":{"line":24,"column":5}},"2":{"start":{"line":28,"column":4},"end":{"line":28,"column":37}},"3":{"start":{"line":32,"column":4},"end":{"line":32,"column":92}}},"fnMap":{"0":{"name":"(anonymous_0)","decl":{"start":{"line":20,"column":2},"end":{"line":20,"column":3}},"loc":{"start":{"line":20,"column":33},"end":{"line":25,"column":3}},"line":20},"1":{"name":"(anonymous_1)","decl":{"start":{"line":27,"column":2},"end":{"line":27,"column":3}},"loc":{"start":{"line":27,"column":22},"end":{"line":29,"column":3}},"line":27},"2":{"name":"(anonymous_2)","decl":{"start":{"line":31,"column":2},"end":{"line":31,"column":3}},"loc":{"start":{"line":31,"column":11},"end":{"line":33,"column":3}},"line":31}},"branchMap":{"0":{"loc":{"start":{"line":32,"column":11},"end":{"line":32,"column":92}},"type":"cond-expr","locations":[{"start":{"line":32,"column":33},"end":{"line":32,"column":70}},{"start":{"line":32,"column":73},"end":{"line":32,"column":92}}],"line":32}},"s":{"0":0,"1":0,"2":0,"3":0},"f":{"0":0,"1":0,"2":0},"b":{"0":[0,0]},"_coverageSchema":"1a1c01bbd47fc00a2c39e90264f33305004495a9","hash":"6b0d1448df38120e251fa909248fc3b4dd31edcb"}
,"/Users/jacobdavidgrisham/Workspace/Courses/Udemy Senior Engineer/Github/robofriends/src/components/Header.tsx": {"path":"/Users/jacobdavidgrisham/Workspace/Courses/Udemy Senior Engineer/Github/robofriends/src/components/Header.tsx","statementMap":{"0":{"start":{"line":8,"column":14},"end":{"line":13,"column":1}},"1":{"start":{"line":19,"column":4},"end":{"line":23,"column":5}}},"fnMap":{"0":{"name":"(anonymous_0)","decl":{"start":{"line":18,"column":2},"end":{"line":18,"column":3}},"loc":{"start":{"line":18,"column":11},"end":{"line":24,"column":3}},"line":18}},"branchMap":{},"s":{"0":2,"1":1},"f":{"0":1},"b":{},"_coverageSchema":"1a1c01bbd47fc00a2c39e90264f33305004495a9","hash":"2cfa59fc5f72db5b2585db4911acaf9975fb53b6"}
,"/Users/jacobdavidgrisham/Workspace/Courses/Udemy Senior Engineer/Github/robofriends/src/components/Main.tsx": {"path":"/Users/jacobdavidgrisham/Workspace/Courses/Udemy Senior Engineer/Github/robofriends/src/components/Main.tsx","statementMap":{"0":{"start":{"line":30,"column":15},"end":{"line":32,"column":1}},"1":{"start":{"line":38,"column":78},"end":{"line":38,"column":83}},"2":{"start":{"line":40,"column":2},"end":{"line":44,"column":24}},"3":{"start":{"line":41,"column":4},"end":{"line":41,"column":23}},"4":{"start":{"line":46,"column":25},"end":{"line":48,"column":4}},"5":{"start":{"line":47,"column":4},"end":{"line":47,"column":72}},"6":{"start":{"line":50,"column":2},"end":{"line":60,"column":4}}},"fnMap":{"0":{"name":"Main","decl":{"start":{"line":36,"column":9},"end":{"line":36,"column":13}},"loc":{"start":{"line":36,"column":33},"end":{"line":61,"column":1}},"line":36},"1":{"name":"(anonymous_1)","decl":{"start":{"line":40,"column":12},"end":{"line":40,"column":13}},"loc":{"start":{"line":40,"column":18},"end":{"line":44,"column":3}},"line":40},"2":{"name":"(anonymous_2)","decl":{"start":{"line":46,"column":38},"end":{"line":46,"column":39}},"loc":{"start":{"line":46,"column":57},"end":{"line":48,"column":3}},"line":46}},"branchMap":{"0":{"loc":{"start":{"line":50,"column":9},"end":{"line":60,"column":3}},"type":"cond-expr","locations":[{"start":{"line":50,"column":21},"end":{"line":50,"column":75}},{"start":{"line":51,"column":4},"end":{"line":59,"column":10}}],"line":50}},"s":{"0":1,"1":1,"2":1,"3":0,"4":1,"5":0,"6":1},"f":{"0":1,"1":0,"2":0},"b":{"0":[0,1]},"_coverageSchema":"1a1c01bbd47fc00a2c39e90264f33305004495a9","hash":"fbe884de077d302f91a81bfe66fcea4b63618773"}
,"/Users/jacobdavidgrisham/Workspace/Courses/Udemy Senior Engineer/Github/robofriends/src/components/Scroll.tsx": {"path":"/Users/jacobdavidgrisham/Workspace/Courses/Udemy Senior Engineer/Github/robofriends/src/components/Scroll.tsx","statementMap":{"0":{"start":{"line":8,"column":2},"end":{"line":12,"column":3}}},"fnMap":{"0":{"name":"Scroll","decl":{"start":{"line":7,"column":9},"end":{"line":7,"column":15}},"loc":{"start":{"line":7,"column":30},"end":{"line":13,"column":1}},"line":7}},"branchMap":{},"s":{"0":1},"f":{"0":1},"b":{},"_coverageSchema":"1a1c01bbd47fc00a2c39e90264f33305004495a9","hash":"ee24ba05bc022cca76e2658fbc18286c6f55658d"}
,"/Users/jacobdavidgrisham/Workspace/Courses/Udemy Senior Engineer/Github/robofriends/src/components/SearchBox.tsx": {"path":"/Users/jacobdavidgrisham/Workspace/Courses/Udemy Senior Engineer/Github/robofriends/src/components/SearchBox.tsx","statementMap":{"0":{"start":{"line":7,"column":18},"end":{"line":18,"column":1}},"1":{"start":{"line":8,"column":2},"end":{"line":17,"column":3}}},"fnMap":{"0":{"name":"(anonymous_0)","decl":{"start":{"line":7,"column":18},"end":{"line":7,"column":19}},"loc":{"start":{"line":7,"column":57},"end":{"line":18,"column":1}},"line":7}},"branchMap":{},"s":{"0":2,"1":1},"f":{"0":1},"b":{},"_coverageSchema":"1a1c01bbd47fc00a2c39e90264f33305004495a9","hash":"3e161bc4a1d447abfdbd6a41b842e6fa56e48332"}
,"/Users/jacobdavidgrisham/Workspace/Courses/Udemy Senior Engineer/Github/robofriends/src/constants/constants.js": {"path":"/Users/jacobdavidgrisham/Workspace/Courses/Udemy Senior Engineer/Github/robofriends/src/constants/constants.js","statementMap":{"0":{"start":{"line":1,"column":34},"end":{"line":1,"column":54}},"1":{"start":{"line":3,"column":37},"end":{"line":3,"column":60}},"2":{"start":{"line":4,"column":37},"end":{"line":4,"column":60}},"3":{"start":{"line":5,"column":36},"end":{"line":5,"column":58}}},"fnMap":{},"branchMap":{},"s":{"0":2,"1":2,"2":2,"3":2},"f":{},"b":{},"_coverageSchema":"1a1c01bbd47fc00a2c39e90264f33305004495a9","hash":"7e72fae4dc4f36c7ca4cfedb090e37bf13047f5e"}
,"/Users/jacobdavidgrisham/Workspace/Courses/Udemy Senior Engineer/Github/robofriends/src/reducers/reducers.tsx": {"path":"/Users/jacobdavidgrisham/Workspace/Courses/Udemy Senior Engineer/Github/robofriends/src/reducers/reducers.tsx","statementMap":{"0":{"start":{"line":8,"column":35},"end":{"line":10,"column":1}},"1":{"start":{"line":17,"column":28},"end":{"line":25,"column":1}},"2":{"start":{"line":18,"column":2},"end":{"line":24,"column":3}},"3":{"start":{"line":20,"column":6},"end":{"line":20,"column":71}},"4":{"start":{"line":23,"column":6},"end":{"line":23,"column":19}},"5":{"start":{"line":27,"column":26},"end":{"line":31,"column":1}},"6":{"start":{"line":33,"column":28},"end":{"line":44,"column":1}},"7":{"start":{"line":34,"column":2},"end":{"line":43,"column":3}},"8":{"start":{"line":36,"column":6},"end":{"line":36,"column":58}},"9":{"start":{"line":38,"column":6},"end":{"line":38,"column":82}},"10":{"start":{"line":40,"column":6},"end":{"line":40,"column":82}},"11":{"start":{"line":42,"column":6},"end":{"line":42,"column":18}}},"fnMap":{"0":{"name":"(anonymous_0)","decl":{"start":{"line":17,"column":28},"end":{"line":17,"column":29}},"loc":{"start":{"line":17,"column":95},"end":{"line":25,"column":1}},"line":17},"1":{"name":"(anonymous_1)","decl":{"start":{"line":33,"column":28},"end":{"line":33,"column":29}},"loc":{"start":{"line":33,"column":94},"end":{"line":44,"column":1}},"line":33}},"branchMap":{"0":{"loc":{"start":{"line":17,"column":29},"end":{"line":17,"column":63}},"type":"default-arg","locations":[{"start":{"line":17,"column":45},"end":{"line":17,"column":63}}],"line":17},"1":{"loc":{"start":{"line":17,"column":65},"end":{"line":17,"column":90}},"type":"default-arg","locations":[{"start":{"line":17,"column":88},"end":{"line":17,"column":90}}],"line":17},"2":{"loc":{"start":{"line":18,"column":2},"end":{"line":24,"column":3}},"type":"switch","locations":[{"start":{"line":19,"column":4},"end":{"line":20,"column":71}},{"start":{"line":22,"column":4},"end":{"line":23,"column":19}}],"line":18},"3":{"loc":{"start":{"line":33,"column":29},"end":{"line":33,"column":62}},"type":"default-arg","locations":[{"start":{"line":33,"column":45},"end":{"line":33,"column":62}}],"line":33},"4":{"loc":{"start":{"line":33,"column":64},"end":{"line":33,"column":89}},"type":"default-arg","locations":[{"start":{"line":33,"column":87},"end":{"line":33,"column":89}}],"line":33},"5":{"loc":{"start":{"line":34,"column":2},"end":{"line":43,"column":3}},"type":"switch","locations":[{"start":{"line":35,"column":4},"end":{"line":36,"column":58}},{"start":{"line":37,"column":4},"end":{"line":38,"column":82}},{"start":{"line":39,"column":4},"end":{"line":40,"column":82}},{"start":{"line":41,"column":4},"end":{"line":42,"column":18}}],"line":34}},"s":{"0":1,"1":1,"2":2,"3":1,"4":1,"5":1,"6":1,"7":4,"8":1,"9":1,"10":1,"11":1},"f":{"0":2,"1":4},"b":{"0":[1],"1":[0],"2":[1,1],"3":[1],"4":[0],"5":[1,1,1,1]},"_coverageSchema":"1a1c01bbd47fc00a2c39e90264f33305004495a9","hash":"9e6d895ea75ae8ab650d2508facf327255d96734"}
}
