TN:
SF:src/actions/actions.tsx
FN:10,(anonymous_0)
FN:16,(anonymous_1)
FN:16,(anonymous_2)
FNF:3
FNH:3
FNDA:1,(anonymous_0)
FNDA:2,(anonymous_1)
FNDA:2,(anonymous_2)
DA:10,1
DA:16,2
DA:17,2
DA:18,2
DA:19,2
DA:20,1
DA:22,1
LF:7
LH:7
BRDA:16,0,0,0
BRF:1
BRH:0
end_of_record
TN:
SF:src/api/api.tsx
FN:1,(anonymous_0)
FN:2,(anonymous_1)
FNF:2
FNH:2
FNDA:2,(anonymous_0)
FNDA:1,(anonymous_1)
DA:1,1
DA:2,2
LF:2
LH:2
BRF:0
BRH:0
end_of_record
TN:
SF:src/components/App.tsx
FN:33,(anonymous_0)
FN:43,(anonymous_1)
FN:45,(anonymous_2)
FN:46,(anonymous_3)
FN:50,App
FNF:5
FNH:0
FNDA:0,(anonymous_0)
FNDA:0,(anonymous_1)
FNDA:0,(anonymous_2)
FNDA:0,(anonymous_3)
FNDA:0,App
DA:33,0
DA:36,0
DA:43,0
DA:44,0
DA:45,0
DA:46,0
DA:52,0
LF:7
LH:0
BRF:0
BRH:0
end_of_record
TN:
SF:src/components/Card.tsx
FN:12,(anonymous_0)
FN:18,(anonymous_1)
FN:23,(anonymous_2)
FN:28,(anonymous_3)
FN:30,(anonymous_4)
FNF:5
FNH:3
FNDA:6,(anonymous_0)
FNDA:3,(anonymous_1)
FNDA:4,(anonymous_2)
FNDA:0,(anonymous_3)
FNDA:0,(anonymous_4)
DA:12,3
DA:15,6
DA:18,6
DA:19,3
DA:23,6
DA:28,6
DA:30,6
DA:31,0
DA:34,6
LF:9
LH:8
BRDA:37,0,0,3
BRDA:37,0,1,3
BRF:2
BRH:2
end_of_record
TN:
SF:src/components/CardList.tsx
FN:17,CardList
FN:24,(anonymous_1)
FNF:2
FNH:2
FNDA:1,CardList
FNDA:1,(anonymous_1)
DA:12,2
DA:19,1
DA:25,1
LF:3
LH:3
BRF:0
BRH:0
end_of_record
TN:
SF:src/components/Details.tsx
FN:3,(anonymous_0)
FNF:1
FNH:1
FNDA:1,(anonymous_0)
DA:3,1
DA:5,1
LF:2
LH:2
BRF:0
BRH:0
end_of_record
TN:
SF:src/components/ErrorBoundary.tsx
FN:20,(anonymous_0)
FN:27,(anonymous_1)
FN:31,(anonymous_2)
FNF:3
FNH:0
FNDA:0,(anonymous_0)
FNDA:0,(anonymous_1)
FNDA:0,(anonymous_2)
DA:21,0
DA:22,0
DA:28,0
DA:32,0
LF:4
LH:0
BRDA:32,0,0,0
BRDA:32,0,1,0
BRF:2
BRH:0
end_of_record
TN:
SF:src/components/Header.tsx
FN:18,(anonymous_0)
FNF:1
FNH:1
FNDA:1,(anonymous_0)
DA:8,2
DA:19,1
LF:2
LH:2
BRF:0
BRH:0
end_of_record
TN:
SF:src/components/Main.tsx
FN:36,Main
FN:40,(anonymous_1)
FN:46,(anonymous_2)
FNF:3
FNH:1
FNDA:1,Main
FNDA:0,(anonymous_1)
FNDA:0,(anonymous_2)
DA:30,1
DA:38,1
DA:40,1
DA:41,0
DA:46,1
DA:47,0
DA:50,1
LF:7
LH:5
BRDA:50,0,0,0
BRDA:50,0,1,1
BRF:2
BRH:1
end_of_record
TN:
SF:src/components/Scroll.tsx
FN:7,Scroll
FNF:1
FNH:1
FNDA:1,Scroll
DA:8,1
LF:1
LH:1
BRF:0
BRH:0
end_of_record
TN:
SF:src/components/SearchBox.tsx
FN:7,(anonymous_0)
FNF:1
FNH:1
FNDA:1,(anonymous_0)
DA:7,2
DA:8,1
LF:2
LH:2
BRF:0
BRH:0
end_of_record
TN:
SF:src/constants/constants.js
FNF:0
FNH:0
DA:1,2
DA:3,2
DA:4,2
DA:5,2
LF:4
LH:4
BRF:0
BRH:0
end_of_record
TN:
SF:src/reducers/reducers.tsx
FN:17,(anonymous_0)
FN:33,(anonymous_1)
FNF:2
FNH:2
FNDA:2,(anonymous_0)
FNDA:4,(anonymous_1)
DA:8,1
DA:17,1
DA:18,2
DA:20,1
DA:23,1
DA:27,1
DA:33,1
DA:34,4
DA:36,1
DA:38,1
DA:40,1
DA:42,1
LF:12
LH:12
BRDA:17,0,0,1
BRDA:17,1,0,0
BRDA:18,2,0,1
BRDA:18,2,1,1
BRDA:33,3,0,1
BRDA:33,4,0,0
BRDA:34,5,0,1
BRDA:34,5,1,1
BRDA:34,5,2,1
BRDA:34,5,3,1
BRF:10
BRH:8
end_of_record
